CMD: c:\Users\xxdew\AppData\Local\Programs\Python\Python311\python.exe C:\Users\xxdew\OneDrive\Desktop\научка\pupil прога\step01_ingest_build_stacks.py
CWD: C:\Users\xxdew\OneDrive\Desktop\научка\pupil прога

Сканирую: C:\Users\xxdew\OneDrive\Desktop\научка\Мира 19.06.2024 обработанная\1
Манифест записан: out\manifest.csv  (всего файлов: 640)
λ= 595 nm: stack shape = (40, 271, 271)  →  out\stacks\595nm
λ= 611 nm: stack shape = (40, 271, 271)  →  out\stacks\611nm
λ= 625 nm: stack shape = (40, 271, 271)  →  out\stacks\625nm
λ= 647 nm: stack shape = (40, 271, 271)  →  out\stacks\647nm
λ= 666 nm: stack shape = (40, 271, 271)  →  out\stacks\666nm
λ= 684 nm: stack shape = (40, 271, 271)  →  out\stacks\684nm
λ= 700 nm: stack shape = (40, 271, 271)  →  out\stacks\700nm
λ= 718 nm: stack shape = (40, 271, 271)  →  out\stacks\718nm
λ= 736 nm: stack shape = (40, 271, 271)  →  out\stacks\736nm
λ= 755 nm: stack shape = (40, 271, 271)  →  out\stacks\755nm
λ= 771 nm: stack shape = (40, 271, 271)  →  out\stacks\771nm
λ= 787 nm: stack shape = (40, 271, 271)  →  out\stacks\787nm
λ= 803 nm: stack shape = (40, 271, 271)  →  out\stacks\803nm
λ= 819 nm: stack shape = (40, 271, 271)  →  out\stacks\819nm
λ= 834 nm: stack shape = (40, 271, 271)  →  out\stacks\834nm
λ= 850 nm: stack shape = (40, 271, 271)  →  out\stacks\850nm
Стэки сохранены в: out\stacks
QC-картинки сохранены в: out\qc

[exit] returncode=0
